[0.441s] Invoking command in '/home/mahmoud-elzankalony/ros2_ws2/src/turtle_pkg': DEBUGINFOD_URLS=https://debuginfod.ubuntu.com PYTHONPATH=/home/mahmoud-elzankalony/ros2_ws2/build/turtle_pkg/prefix_override:/usr/lib/python3/dist-packages/colcon_core/task/python/colcon_distutils_commands:/home/mahmoud-elzankalony/ros2_ws2/install/turtle_pkg/lib/python3.12/site-packages:${PYTHONPATH} /usr/bin/python3 -W ignore:setup.py install is deprecated -W ignore:easy_install command is deprecated setup.py egg_info --egg-base ../../build/turtle_pkg build --build-base /home/mahmoud-elzankalony/ros2_ws2/build/turtle_pkg/build install --record /home/mahmoud-elzankalony/ros2_ws2/build/turtle_pkg/install.log --single-version-externally-managed install_data
[0.568s] running egg_info
[0.576s] writing ../../build/turtle_pkg/turtle_pkg.egg-info/PKG-INFO
[0.576s] writing dependency_links to ../../build/turtle_pkg/turtle_pkg.egg-info/dependency_links.txt
[0.576s] writing entry points to ../../build/turtle_pkg/turtle_pkg.egg-info/entry_points.txt
[0.576s] writing requirements to ../../build/turtle_pkg/turtle_pkg.egg-info/requires.txt
[0.577s] writing top-level names to ../../build/turtle_pkg/turtle_pkg.egg-info/top_level.txt
[0.593s] reading manifest file '../../build/turtle_pkg/turtle_pkg.egg-info/SOURCES.txt'
[0.593s] writing manifest file '../../build/turtle_pkg/turtle_pkg.egg-info/SOURCES.txt'
[0.594s] running build
[0.594s] running build_py
[0.594s] running install
[0.597s] running install_lib
[0.606s] running install_data
[0.606s] running install_egg_info
[0.615s] removing '/home/mahmoud-elzankalony/ros2_ws2/install/turtle_pkg/lib/python3.12/site-packages/turtle_pkg-0.0.0-py3.12.egg-info' (and everything under it)
[0.615s] Copying ../../build/turtle_pkg/turtle_pkg.egg-info to /home/mahmoud-elzankalony/ros2_ws2/install/turtle_pkg/lib/python3.12/site-packages/turtle_pkg-0.0.0-py3.12.egg-info
[0.615s] running install_scripts
[0.673s] Installing listener script to /home/mahmoud-elzankalony/ros2_ws2/install/turtle_pkg/lib/turtle_pkg
[0.674s] writing list of installed files to '/home/mahmoud-elzankalony/ros2_ws2/build/turtle_pkg/install.log'
[0.687s] Invoked command in '/home/mahmoud-elzankalony/ros2_ws2/src/turtle_pkg' returned '0': DEBUGINFOD_URLS=https://debuginfod.ubuntu.com PYTHONPATH=/home/mahmoud-elzankalony/ros2_ws2/build/turtle_pkg/prefix_override:/usr/lib/python3/dist-packages/colcon_core/task/python/colcon_distutils_commands:/home/mahmoud-elzankalony/ros2_ws2/install/turtle_pkg/lib/python3.12/site-packages:${PYTHONPATH} /usr/bin/python3 -W ignore:setup.py install is deprecated -W ignore:easy_install command is deprecated setup.py egg_info --egg-base ../../build/turtle_pkg build --build-base /home/mahmoud-elzankalony/ros2_ws2/build/turtle_pkg/build install --record /home/mahmoud-elzankalony/ros2_ws2/build/turtle_pkg/install.log --single-version-externally-managed install_data
