[0.411s] Invoking command in '/home/mahmoud-elzankalony/ros2_ws2/src/turtle_pkg': DEBUGINFOD_URLS=https://debuginfod.ubuntu.com PYTHONPATH=/home/mahmoud-elzankalony/ros2_ws2/build/turtle_pkg/prefix_override:/usr/lib/python3/dist-packages/colcon_core/task/python/colcon_distutils_commands:/home/mahmoud-elzankalony/ros2_ws2/install/turtle_pkg/lib/python3.12/site-packages:${PYTHONPATH} /usr/bin/python3 -W ignore:setup.py install is deprecated -W ignore:easy_install command is deprecated setup.py egg_info --egg-base ../../build/turtle_pkg build --build-base /home/mahmoud-elzankalony/ros2_ws2/build/turtle_pkg/build install --record /home/mahmoud-elzankalony/ros2_ws2/build/turtle_pkg/install.log --single-version-externally-managed install_data
[0.541s] running egg_info
[0.550s] writing ../../build/turtle_pkg/turtle_pkg.egg-info/PKG-INFO
[0.550s] writing dependency_links to ../../build/turtle_pkg/turtle_pkg.egg-info/dependency_links.txt
[0.550s] writing entry points to ../../build/turtle_pkg/turtle_pkg.egg-info/entry_points.txt
[0.550s] writing requirements to ../../build/turtle_pkg/turtle_pkg.egg-info/requires.txt
[0.550s] writing top-level names to ../../build/turtle_pkg/turtle_pkg.egg-info/top_level.txt
[0.568s] reading manifest file '../../build/turtle_pkg/turtle_pkg.egg-info/SOURCES.txt'
[0.569s] writing manifest file '../../build/turtle_pkg/turtle_pkg.egg-info/SOURCES.txt'
[0.569s] running build
[0.569s] running build_py
[0.569s] copying turtle_pkg/turtle_chase.py -> /home/mahmoud-elzankalony/ros2_ws2/build/turtle_pkg/build/lib/turtle_pkg
[0.569s] running install
[0.573s] running install_lib
[0.581s] copying /home/mahmoud-elzankalony/ros2_ws2/build/turtle_pkg/build/lib/turtle_pkg/turtle_chase.py -> /home/mahmoud-elzankalony/ros2_ws2/install/turtle_pkg/lib/python3.12/site-packages/turtle_pkg
[0.581s] byte-compiling /home/mahmoud-elzankalony/ros2_ws2/install/turtle_pkg/lib/python3.12/site-packages/turtle_pkg/turtle_chase.py to turtle_chase.cpython-312.pyc
[0.582s] running install_data
[0.582s] creating /home/mahmoud-elzankalony/ros2_ws2/install/turtle_pkg/share/turtle_pkg/launch
[0.582s] copying launch/turtle_chase_launch.py -> /home/mahmoud-elzankalony/ros2_ws2/install/turtle_pkg/share/turtle_pkg/launch
[0.582s] running install_egg_info
[0.591s] removing '/home/mahmoud-elzankalony/ros2_ws2/install/turtle_pkg/lib/python3.12/site-packages/turtle_pkg-0.0.0-py3.12.egg-info' (and everything under it)
[0.592s] Copying ../../build/turtle_pkg/turtle_pkg.egg-info to /home/mahmoud-elzankalony/ros2_ws2/install/turtle_pkg/lib/python3.12/site-packages/turtle_pkg-0.0.0-py3.12.egg-info
[0.592s] running install_scripts
[0.651s] Installing turtle_chase script to /home/mahmoud-elzankalony/ros2_ws2/install/turtle_pkg/lib/turtle_pkg
[0.651s] writing list of installed files to '/home/mahmoud-elzankalony/ros2_ws2/build/turtle_pkg/install.log'
[0.665s] Invoked command in '/home/mahmoud-elzankalony/ros2_ws2/src/turtle_pkg' returned '0': DEBUGINFOD_URLS=https://debuginfod.ubuntu.com PYTHONPATH=/home/mahmoud-elzankalony/ros2_ws2/build/turtle_pkg/prefix_override:/usr/lib/python3/dist-packages/colcon_core/task/python/colcon_distutils_commands:/home/mahmoud-elzankalony/ros2_ws2/install/turtle_pkg/lib/python3.12/site-packages:${PYTHONPATH} /usr/bin/python3 -W ignore:setup.py install is deprecated -W ignore:easy_install command is deprecated setup.py egg_info --egg-base ../../build/turtle_pkg build --build-base /home/mahmoud-elzankalony/ros2_ws2/build/turtle_pkg/build install --record /home/mahmoud-elzankalony/ros2_ws2/build/turtle_pkg/install.log --single-version-externally-managed install_data
