[0.845s] Invoking command in '/home/mahmoud-elzankalony/ros2_ws2/src/turtle_pkg': DEBUGINFOD_URLS=https://debuginfod.ubuntu.com PYTHONPATH=/home/mahmoud-elzankalony/ros2_ws2/build/turtle_pkg/prefix_override:/usr/lib/python3/dist-packages/colcon_core/task/python/colcon_distutils_commands:/home/mahmoud-elzankalony/ros2_ws2/install/turtle_pkg/lib/python3.12/site-packages:${PYTHONPATH} /usr/bin/python3 -W ignore:setup.py install is deprecated -W ignore:easy_install command is deprecated setup.py egg_info --egg-base ../../build/turtle_pkg build --build-base /home/mahmoud-elzankalony/ros2_ws2/build/turtle_pkg/build install --record /home/mahmoud-elzankalony/ros2_ws2/build/turtle_pkg/install.log --single-version-externally-managed install_data
[1.091s] running egg_info
[1.106s] writing ../../build/turtle_pkg/turtle_pkg.egg-info/PKG-INFO
[1.106s] writing dependency_links to ../../build/turtle_pkg/turtle_pkg.egg-info/dependency_links.txt
[1.106s] writing entry points to ../../build/turtle_pkg/turtle_pkg.egg-info/entry_points.txt
[1.106s] writing requirements to ../../build/turtle_pkg/turtle_pkg.egg-info/requires.txt
[1.106s] writing top-level names to ../../build/turtle_pkg/turtle_pkg.egg-info/top_level.txt
[1.138s] reading manifest file '../../build/turtle_pkg/turtle_pkg.egg-info/SOURCES.txt'
[1.139s] writing manifest file '../../build/turtle_pkg/turtle_pkg.egg-info/SOURCES.txt'
[1.139s] running build
[1.140s] running build_py
[1.140s] copying turtle_pkg/turtle_chase.py -> /home/mahmoud-elzankalony/ros2_ws2/build/turtle_pkg/build/lib/turtle_pkg
[1.140s] running install
[1.146s] running install_lib
[1.162s] copying /home/mahmoud-elzankalony/ros2_ws2/build/turtle_pkg/build/lib/turtle_pkg/turtle_chase.py -> /home/mahmoud-elzankalony/ros2_ws2/install/turtle_pkg/lib/python3.12/site-packages/turtle_pkg
[1.162s] byte-compiling /home/mahmoud-elzankalony/ros2_ws2/install/turtle_pkg/lib/python3.12/site-packages/turtle_pkg/turtle_chase.py to turtle_chase.cpython-312.pyc
[1.163s] running install_data
[1.164s] running install_egg_info
[1.180s] removing '/home/mahmoud-elzankalony/ros2_ws2/install/turtle_pkg/lib/python3.12/site-packages/turtle_pkg-0.0.0-py3.12.egg-info' (and everything under it)
[1.181s] Copying ../../build/turtle_pkg/turtle_pkg.egg-info to /home/mahmoud-elzankalony/ros2_ws2/install/turtle_pkg/lib/python3.12/site-packages/turtle_pkg-0.0.0-py3.12.egg-info
[1.181s] running install_scripts
[1.290s] Installing listener script to /home/mahmoud-elzankalony/ros2_ws2/install/turtle_pkg/lib/turtle_pkg
[1.290s] writing list of installed files to '/home/mahmoud-elzankalony/ros2_ws2/build/turtle_pkg/install.log'
[1.323s] Invoked command in '/home/mahmoud-elzankalony/ros2_ws2/src/turtle_pkg' returned '0': DEBUGINFOD_URLS=https://debuginfod.ubuntu.com PYTHONPATH=/home/mahmoud-elzankalony/ros2_ws2/build/turtle_pkg/prefix_override:/usr/lib/python3/dist-packages/colcon_core/task/python/colcon_distutils_commands:/home/mahmoud-elzankalony/ros2_ws2/install/turtle_pkg/lib/python3.12/site-packages:${PYTHONPATH} /usr/bin/python3 -W ignore:setup.py install is deprecated -W ignore:easy_install command is deprecated setup.py egg_info --egg-base ../../build/turtle_pkg build --build-base /home/mahmoud-elzankalony/ros2_ws2/build/turtle_pkg/build install --record /home/mahmoud-elzankalony/ros2_ws2/build/turtle_pkg/install.log --single-version-externally-managed install_data
