[0.052s] DEBUG:colcon:Command line arguments: ['/usr/bin/colcon', 'build']
[0.052s] DEBUG:colcon:Parsed command line arguments: Namespace(log_base=None, log_level=None, verb_name='build', build_base='build', install_base='install', merge_install=False, symlink_install=False, test_result_base=None, continue_on_error=False, executor='parallel', parallel_workers=20, event_handlers=None, ignore_user_meta=False, metas=['./colcon.meta'], base_paths=['.'], packages_ignore=None, packages_ignore_regex=None, paths=None, packages_up_to=None, packages_up_to_regex=None, packages_above=None, packages_above_and_dependencies=None, packages_above_depth=None, packages_select_by_dep=None, packages_skip_by_dep=None, packages_skip_up_to=None, packages_select_build_failed=False, packages_skip_build_finished=False, packages_select_test_failures=False, packages_skip_test_passed=False, packages_select=None, packages_skip=None, packages_select_regex=None, packages_skip_regex=None, packages_start=None, packages_end=None, allow_overriding=[], cmake_args=None, cmake_target=None, cmake_target_skip_unavailable=False, cmake_clean_cache=False, cmake_clean_first=False, cmake_force_configure=False, ament_cmake_args=None, catkin_cmake_args=None, catkin_skip_building_tests=False, mixin_files=None, mixin=None, verb_parser=<colcon_mixin.mixin.mixin_argument.MixinArgumentDecorator object at 0x72757e5808f0>, verb_extension=<colcon_core.verb.build.BuildVerb object at 0x72757e6ac9e0>, main=<bound method BuildVerb.main of <colcon_core.verb.build.BuildVerb object at 0x72757e6ac9e0>>, mixin_verb=('build',))
[0.071s] Level 1:colcon.colcon_core.package_discovery:discover_packages(colcon_meta) check parameters
[0.071s] Level 1:colcon.colcon_core.package_discovery:discover_packages(recursive) check parameters
[0.071s] Level 1:colcon.colcon_core.package_discovery:discover_packages(ignore) check parameters
[0.071s] Level 1:colcon.colcon_core.package_discovery:discover_packages(path) check parameters
[0.071s] Level 1:colcon.colcon_core.package_discovery:discover_packages(colcon_meta) discover
[0.071s] Level 1:colcon.colcon_core.package_discovery:discover_packages(recursive) discover
[0.071s] INFO:colcon.colcon_core.package_discovery:Crawling recursively for packages in '/home/mahmoud-elzankalony/ros2_ws2'
[0.071s] Level 1:colcon.colcon_core.package_identification:_identify(.) by extensions ['ignore', 'ignore_ament_install']
[0.071s] Level 1:colcon.colcon_core.package_identification:_identify(.) by extension 'ignore'
[0.071s] Level 1:colcon.colcon_core.package_identification:_identify(.) by extension 'ignore_ament_install'
[0.071s] Level 1:colcon.colcon_core.package_identification:_identify(.) by extensions ['colcon_pkg']
[0.071s] Level 1:colcon.colcon_core.package_identification:_identify(.) by extension 'colcon_pkg'
[0.071s] Level 1:colcon.colcon_core.package_identification:_identify(.) by extensions ['colcon_meta']
[0.071s] Level 1:colcon.colcon_core.package_identification:_identify(.) by extension 'colcon_meta'
[0.071s] Level 1:colcon.colcon_core.package_identification:_identify(.) by extensions ['ros']
[0.071s] Level 1:colcon.colcon_core.package_identification:_identify(.) by extension 'ros'
[0.085s] Level 1:colcon.colcon_core.package_identification:_identify(.) by extensions ['cmake', 'python']
[0.085s] Level 1:colcon.colcon_core.package_identification:_identify(.) by extension 'cmake'
[0.085s] Level 1:colcon.colcon_core.package_identification:_identify(.) by extension 'python'
[0.085s] Level 1:colcon.colcon_core.package_identification:_identify(.) by extensions ['python_setup_py']
[0.085s] Level 1:colcon.colcon_core.package_identification:_identify(.) by extension 'python_setup_py'
[0.085s] Level 1:colcon.colcon_core.package_identification:_identify(build) by extensions ['ignore', 'ignore_ament_install']
[0.085s] Level 1:colcon.colcon_core.package_identification:_identify(build) by extension 'ignore'
[0.085s] Level 1:colcon.colcon_core.package_identification:_identify(build) ignored
[0.085s] Level 1:colcon.colcon_core.package_identification:_identify(install) by extensions ['ignore', 'ignore_ament_install']
[0.085s] Level 1:colcon.colcon_core.package_identification:_identify(install) by extension 'ignore'
[0.085s] Level 1:colcon.colcon_core.package_identification:_identify(install) ignored
[0.085s] Level 1:colcon.colcon_core.package_identification:_identify(log) by extensions ['ignore', 'ignore_ament_install']
[0.085s] Level 1:colcon.colcon_core.package_identification:_identify(log) by extension 'ignore'
[0.086s] Level 1:colcon.colcon_core.package_identification:_identify(log) ignored
[0.086s] Level 1:colcon.colcon_core.package_identification:_identify(src) by extensions ['ignore', 'ignore_ament_install']
[0.086s] Level 1:colcon.colcon_core.package_identification:_identify(src) by extension 'ignore'
[0.086s] Level 1:colcon.colcon_core.package_identification:_identify(src) by extension 'ignore_ament_install'
[0.086s] Level 1:colcon.colcon_core.package_identification:_identify(src) by extensions ['colcon_pkg']
[0.086s] Level 1:colcon.colcon_core.package_identification:_identify(src) by extension 'colcon_pkg'
[0.086s] Level 1:colcon.colcon_core.package_identification:_identify(src) by extensions ['colcon_meta']
[0.086s] Level 1:colcon.colcon_core.package_identification:_identify(src) by extension 'colcon_meta'
[0.086s] Level 1:colcon.colcon_core.package_identification:_identify(src) by extensions ['ros']
[0.086s] Level 1:colcon.colcon_core.package_identification:_identify(src) by extension 'ros'
[0.086s] Level 1:colcon.colcon_core.package_identification:_identify(src) by extensions ['cmake', 'python']
[0.086s] Level 1:colcon.colcon_core.package_identification:_identify(src) by extension 'cmake'
[0.086s] Level 1:colcon.colcon_core.package_identification:_identify(src) by extension 'python'
[0.086s] Level 1:colcon.colcon_core.package_identification:_identify(src) by extensions ['python_setup_py']
[0.086s] Level 1:colcon.colcon_core.package_identification:_identify(src) by extension 'python_setup_py'
[0.086s] Level 1:colcon.colcon_core.package_identification:_identify(src/turtle_pkg) by extensions ['ignore', 'ignore_ament_install']
[0.086s] Level 1:colcon.colcon_core.package_identification:_identify(src/turtle_pkg) by extension 'ignore'
[0.086s] Level 1:colcon.colcon_core.package_identification:_identify(src/turtle_pkg) by extension 'ignore_ament_install'
[0.086s] Level 1:colcon.colcon_core.package_identification:_identify(src/turtle_pkg) by extensions ['colcon_pkg']
[0.086s] Level 1:colcon.colcon_core.package_identification:_identify(src/turtle_pkg) by extension 'colcon_pkg'
[0.086s] Level 1:colcon.colcon_core.package_identification:_identify(src/turtle_pkg) by extensions ['colcon_meta']
[0.086s] Level 1:colcon.colcon_core.package_identification:_identify(src/turtle_pkg) by extension 'colcon_meta'
[0.086s] Level 1:colcon.colcon_core.package_identification:_identify(src/turtle_pkg) by extensions ['ros']
[0.086s] Level 1:colcon.colcon_core.package_identification:_identify(src/turtle_pkg) by extension 'ros'
[0.087s] DEBUG:colcon.colcon_core.package_identification:Package 'src/turtle_pkg' with type 'ros.ament_python' and name 'turtle_pkg'
[0.087s] Level 1:colcon.colcon_core.package_discovery:discover_packages(recursive) using defaults
[0.087s] Level 1:colcon.colcon_core.package_discovery:discover_packages(ignore) discover
[0.087s] Level 1:colcon.colcon_core.package_discovery:discover_packages(ignore) using defaults
[0.087s] Level 1:colcon.colcon_core.package_discovery:discover_packages(path) discover
[0.087s] Level 1:colcon.colcon_core.package_discovery:discover_packages(path) using defaults
[0.096s] Level 1:colcon.colcon_core.package_discovery:discover_packages(prefix_path) check parameters
[0.096s] Level 1:colcon.colcon_core.package_discovery:discover_packages(prefix_path) discover
[0.097s] WARNING:colcon.colcon_core.prefix_path.colcon:The path '/home/mahmoud-elzankalony/ros2_ws/install' in the environment variable COLCON_PREFIX_PATH doesn't exist
[0.097s] WARNING:colcon.colcon_ros.prefix_path.ament:The path '/home/mahmoud-elzankalony/ros2_ws/install/weather_pkg' in the environment variable AMENT_PREFIX_PATH doesn't exist
[0.097s] WARNING:colcon.colcon_ros.prefix_path.ament:The path '/home/mahmoud-elzankalony/ros2_ws/install/turtle_pkg' in the environment variable AMENT_PREFIX_PATH doesn't exist
[0.097s] WARNING:colcon.colcon_ros.prefix_path.ament:The path '/home/mahmoud-elzankalony/ros2_ws/install/turtle-pkg' in the environment variable AMENT_PREFIX_PATH doesn't exist
[0.097s] WARNING:colcon.colcon_ros.prefix_path.ament:The path '/home/mahmoud-elzankalony/ros2_ws/install/pkg_py' in the environment variable AMENT_PREFIX_PATH doesn't exist
[0.097s] DEBUG:colcon.colcon_installed_package_information.package_discovery:Found 1 installed packages in /home/mahmoud-elzankalony/ros2_ws2/install
[0.098s] DEBUG:colcon.colcon_installed_package_information.package_discovery:Found 285 installed packages in /opt/ros/jazzy
[0.099s] Level 1:colcon.colcon_core.package_discovery:discover_packages(prefix_path) using defaults
[0.116s] Level 5:colcon.colcon_core.verb:set package 'turtle_pkg' build argument 'cmake_args' from command line to 'None'
[0.116s] Level 5:colcon.colcon_core.verb:set package 'turtle_pkg' build argument 'cmake_target' from command line to 'None'
[0.116s] Level 5:colcon.colcon_core.verb:set package 'turtle_pkg' build argument 'cmake_target_skip_unavailable' from command line to 'False'
[0.116s] Level 5:colcon.colcon_core.verb:set package 'turtle_pkg' build argument 'cmake_clean_cache' from command line to 'False'
[0.116s] Level 5:colcon.colcon_core.verb:set package 'turtle_pkg' build argument 'cmake_clean_first' from command line to 'False'
[0.116s] Level 5:colcon.colcon_core.verb:set package 'turtle_pkg' build argument 'cmake_force_configure' from command line to 'False'
[0.116s] Level 5:colcon.colcon_core.verb:set package 'turtle_pkg' build argument 'ament_cmake_args' from command line to 'None'
[0.116s] Level 5:colcon.colcon_core.verb:set package 'turtle_pkg' build argument 'catkin_cmake_args' from command line to 'None'
[0.116s] Level 5:colcon.colcon_core.verb:set package 'turtle_pkg' build argument 'catkin_skip_building_tests' from command line to 'False'
[0.116s] DEBUG:colcon.colcon_core.verb:Building package 'turtle_pkg' with the following arguments: {'ament_cmake_args': None, 'build_base': '/home/mahmoud-elzankalony/ros2_ws2/build/turtle_pkg', 'catkin_cmake_args': None, 'catkin_skip_building_tests': False, 'cmake_args': None, 'cmake_clean_cache': False, 'cmake_clean_first': False, 'cmake_force_configure': False, 'cmake_target': None, 'cmake_target_skip_unavailable': False, 'install_base': '/home/mahmoud-elzankalony/ros2_ws2/install/turtle_pkg', 'merge_install': False, 'path': '/home/mahmoud-elzankalony/ros2_ws2/src/turtle_pkg', 'symlink_install': False, 'test_result_base': None}
[0.117s] INFO:colcon.colcon_core.executor:Executing jobs using 'parallel' executor
[0.117s] DEBUG:colcon.colcon_parallel_executor.executor.parallel:run_until_complete
[0.117s] INFO:colcon.colcon_ros.task.ament_python.build:Building ROS package in '/home/mahmoud-elzankalony/ros2_ws2/src/turtle_pkg' with build type 'ament_python'
[0.117s] Level 1:colcon.colcon_core.shell:create_environment_hook('turtle_pkg', 'ament_prefix_path')
[0.118s] INFO:colcon.colcon_core.plugin_system:Skipping extension 'colcon_core.shell.bat': Not used on non-Windows systems
[0.118s] INFO:colcon.colcon_core.shell:Creating environment hook '/home/mahmoud-elzankalony/ros2_ws2/install/turtle_pkg/share/turtle_pkg/hook/ament_prefix_path.ps1'
[0.119s] INFO:colcon.colcon_core.shell:Creating environment descriptor '/home/mahmoud-elzankalony/ros2_ws2/install/turtle_pkg/share/turtle_pkg/hook/ament_prefix_path.dsv'
[0.119s] INFO:colcon.colcon_core.shell:Creating environment hook '/home/mahmoud-elzankalony/ros2_ws2/install/turtle_pkg/share/turtle_pkg/hook/ament_prefix_path.sh'
[0.119s] INFO:colcon.colcon_core.shell:Skip shell extension 'powershell' for command environment: Not usable outside of PowerShell
[0.119s] DEBUG:colcon.colcon_core.shell:Skip shell extension 'dsv' for command environment
[0.231s] INFO:colcon.colcon_core.task.python.build:Building Python package in '/home/mahmoud-elzankalony/ros2_ws2/src/turtle_pkg'
[0.231s] INFO:colcon.colcon_core.shell:Skip shell extension 'powershell' for command environment: Not usable outside of PowerShell
[0.231s] DEBUG:colcon.colcon_core.shell:Skip shell extension 'dsv' for command environment
[0.500s] DEBUG:colcon.colcon_core.event_handler.log_command:Invoking command in '/home/mahmoud-elzankalony/ros2_ws2/src/turtle_pkg': DEBUGINFOD_URLS=https://debuginfod.ubuntu.com PYTHONPATH=/home/mahmoud-elzankalony/ros2_ws2/build/turtle_pkg/prefix_override:/usr/lib/python3/dist-packages/colcon_core/task/python/colcon_distutils_commands:/home/mahmoud-elzankalony/ros2_ws2/install/turtle_pkg/lib/python3.12/site-packages:${PYTHONPATH} /usr/bin/python3 -W ignore:setup.py install is deprecated -W ignore:easy_install command is deprecated setup.py egg_info --egg-base ../../build/turtle_pkg build --build-base /home/mahmoud-elzankalony/ros2_ws2/build/turtle_pkg/build install --record /home/mahmoud-elzankalony/ros2_ws2/build/turtle_pkg/install.log --single-version-externally-managed install_data
[0.752s] DEBUG:colcon.colcon_core.event_handler.log_command:Invoked command in '/home/mahmoud-elzankalony/ros2_ws2/src/turtle_pkg' returned '0': DEBUGINFOD_URLS=https://debuginfod.ubuntu.com PYTHONPATH=/home/mahmoud-elzankalony/ros2_ws2/build/turtle_pkg/prefix_override:/usr/lib/python3/dist-packages/colcon_core/task/python/colcon_distutils_commands:/home/mahmoud-elzankalony/ros2_ws2/install/turtle_pkg/lib/python3.12/site-packages:${PYTHONPATH} /usr/bin/python3 -W ignore:setup.py install is deprecated -W ignore:easy_install command is deprecated setup.py egg_info --egg-base ../../build/turtle_pkg build --build-base /home/mahmoud-elzankalony/ros2_ws2/build/turtle_pkg/build install --record /home/mahmoud-elzankalony/ros2_ws2/build/turtle_pkg/install.log --single-version-externally-managed install_data
[0.753s] Level 1:colcon.colcon_core.environment:checking '/home/mahmoud-elzankalony/ros2_ws2/install/turtle_pkg' for CMake module files
[0.753s] Level 1:colcon.colcon_core.environment:checking '/home/mahmoud-elzankalony/ros2_ws2/install/turtle_pkg' for CMake config files
[0.753s] Level 1:colcon.colcon_core.environment:checking '/home/mahmoud-elzankalony/ros2_ws2/install/turtle_pkg/lib'
[0.753s] Level 1:colcon.colcon_core.environment:checking '/home/mahmoud-elzankalony/ros2_ws2/install/turtle_pkg/bin'
[0.753s] Level 1:colcon.colcon_core.environment:checking '/home/mahmoud-elzankalony/ros2_ws2/install/turtle_pkg/lib/pkgconfig/turtle_pkg.pc'
[0.753s] Level 1:colcon.colcon_core.environment:checking '/home/mahmoud-elzankalony/ros2_ws2/install/turtle_pkg/lib/python3.12/site-packages'
[0.753s] Level 1:colcon.colcon_core.shell:create_environment_hook('turtle_pkg', 'pythonpath')
[0.754s] INFO:colcon.colcon_core.shell:Creating environment hook '/home/mahmoud-elzankalony/ros2_ws2/install/turtle_pkg/share/turtle_pkg/hook/pythonpath.ps1'
[0.754s] INFO:colcon.colcon_core.shell:Creating environment descriptor '/home/mahmoud-elzankalony/ros2_ws2/install/turtle_pkg/share/turtle_pkg/hook/pythonpath.dsv'
[0.754s] INFO:colcon.colcon_core.shell:Creating environment hook '/home/mahmoud-elzankalony/ros2_ws2/install/turtle_pkg/share/turtle_pkg/hook/pythonpath.sh'
[0.754s] Level 1:colcon.colcon_core.environment:checking '/home/mahmoud-elzankalony/ros2_ws2/install/turtle_pkg/bin'
[0.754s] Level 1:colcon.colcon_core.environment:create_environment_scripts_only(turtle_pkg)
[0.754s] INFO:colcon.colcon_core.shell:Creating package script '/home/mahmoud-elzankalony/ros2_ws2/install/turtle_pkg/share/turtle_pkg/package.ps1'
[0.755s] INFO:colcon.colcon_core.shell:Creating package descriptor '/home/mahmoud-elzankalony/ros2_ws2/install/turtle_pkg/share/turtle_pkg/package.dsv'
[0.755s] INFO:colcon.colcon_core.shell:Creating package script '/home/mahmoud-elzankalony/ros2_ws2/install/turtle_pkg/share/turtle_pkg/package.sh'
[0.755s] INFO:colcon.colcon_core.shell:Creating package script '/home/mahmoud-elzankalony/ros2_ws2/install/turtle_pkg/share/turtle_pkg/package.bash'
[0.756s] INFO:colcon.colcon_core.shell:Creating package script '/home/mahmoud-elzankalony/ros2_ws2/install/turtle_pkg/share/turtle_pkg/package.zsh'
[0.756s] Level 1:colcon.colcon_core.environment:create_file_with_runtime_dependencies(/home/mahmoud-elzankalony/ros2_ws2/install/turtle_pkg/share/colcon-core/packages/turtle_pkg)
[0.756s] DEBUG:colcon.colcon_parallel_executor.executor.parallel:closing loop
[0.756s] DEBUG:colcon.colcon_parallel_executor.executor.parallel:loop closed
[0.756s] DEBUG:colcon.colcon_parallel_executor.executor.parallel:run_until_complete finished with '0'
[0.756s] DEBUG:colcon.colcon_core.event_reactor:joining thread
[0.759s] INFO:colcon.colcon_core.plugin_system:Skipping extension 'colcon_notification.desktop_notification.terminal_notifier': Not used on non-Darwin systems
[0.759s] INFO:colcon.colcon_core.plugin_system:Skipping extension 'colcon_notification.desktop_notification.win32': Not used on non-Windows systems
[0.760s] INFO:colcon.colcon_notification.desktop_notification:Sending desktop notification using 'notify2'
[0.768s] DEBUG:colcon.colcon_core.event_reactor:joined thread
[0.769s] INFO:colcon.colcon_core.shell:Creating prefix script '/home/mahmoud-elzankalony/ros2_ws2/install/local_setup.ps1'
[0.769s] INFO:colcon.colcon_core.shell:Creating prefix util module '/home/mahmoud-elzankalony/ros2_ws2/install/_local_setup_util_ps1.py'
[0.769s] INFO:colcon.colcon_core.shell:Creating prefix chain script '/home/mahmoud-elzankalony/ros2_ws2/install/setup.ps1'
[0.770s] INFO:colcon.colcon_core.shell:Creating prefix script '/home/mahmoud-elzankalony/ros2_ws2/install/local_setup.sh'
[0.770s] INFO:colcon.colcon_core.shell:Creating prefix util module '/home/mahmoud-elzankalony/ros2_ws2/install/_local_setup_util_sh.py'
[0.770s] INFO:colcon.colcon_core.shell:Creating prefix chain script '/home/mahmoud-elzankalony/ros2_ws2/install/setup.sh'
[0.771s] INFO:colcon.colcon_core.shell:Creating prefix script '/home/mahmoud-elzankalony/ros2_ws2/install/local_setup.bash'
[0.771s] INFO:colcon.colcon_core.shell:Creating prefix chain script '/home/mahmoud-elzankalony/ros2_ws2/install/setup.bash'
[0.771s] INFO:colcon.colcon_core.shell:Creating prefix script '/home/mahmoud-elzankalony/ros2_ws2/install/local_setup.zsh'
[0.771s] INFO:colcon.colcon_core.shell:Creating prefix chain script '/home/mahmoud-elzankalony/ros2_ws2/install/setup.zsh'
