[0.391s] Invoking command in '/home/mahmoud-elzankalony/ros2_ws2/src/turtle_pkg': DEBUGINFOD_URLS=https://debuginfod.ubuntu.com PYTHONPATH=/home/mahmoud-elzankalony/ros2_ws2/build/turtle_pkg/prefix_override:/usr/lib/python3/dist-packages/colcon_core/task/python/colcon_distutils_commands:/home/mahmoud-elzankalony/ros2_ws2/install/turtle_pkg/lib/python3.12/site-packages:${PYTHONPATH} /usr/bin/python3 -W ignore:setup.py install is deprecated -W ignore:easy_install command is deprecated setup.py egg_info --egg-base ../../build/turtle_pkg build --build-base /home/mahmoud-elzankalony/ros2_ws2/build/turtle_pkg/build install --record /home/mahmoud-elzankalony/ros2_ws2/build/turtle_pkg/install.log --single-version-externally-managed install_data
[0.548s] running egg_info
[0.548s] creating ../../build/turtle_pkg/turtle_pkg.egg-info
[0.558s] writing ../../build/turtle_pkg/turtle_pkg.egg-info/PKG-INFO
[0.558s] writing dependency_links to ../../build/turtle_pkg/turtle_pkg.egg-info/dependency_links.txt
[0.558s] writing entry points to ../../build/turtle_pkg/turtle_pkg.egg-info/entry_points.txt
[0.558s] writing requirements to ../../build/turtle_pkg/turtle_pkg.egg-info/requires.txt
[0.558s] writing top-level names to ../../build/turtle_pkg/turtle_pkg.egg-info/top_level.txt
[0.558s] writing manifest file '../../build/turtle_pkg/turtle_pkg.egg-info/SOURCES.txt'
[0.578s] reading manifest file '../../build/turtle_pkg/turtle_pkg.egg-info/SOURCES.txt'
[0.578s] writing manifest file '../../build/turtle_pkg/turtle_pkg.egg-info/SOURCES.txt'
[0.578s] running build
[0.578s] running build_py
[0.579s] creating /home/mahmoud-elzankalony/ros2_ws2/build/turtle_pkg/build
[0.579s] creating /home/mahmoud-elzankalony/ros2_ws2/build/turtle_pkg/build/lib
[0.579s] creating /home/mahmoud-elzankalony/ros2_ws2/build/turtle_pkg/build/lib/turtle_pkg
[0.579s] copying turtle_pkg/__init__.py -> /home/mahmoud-elzankalony/ros2_ws2/build/turtle_pkg/build/lib/turtle_pkg
[0.579s] copying turtle_pkg/turtle_chase.py -> /home/mahmoud-elzankalony/ros2_ws2/build/turtle_pkg/build/lib/turtle_pkg
[0.579s] running install
[0.583s] running install_lib
[0.593s] creating /home/mahmoud-elzankalony/ros2_ws2/install/turtle_pkg/lib/python3.12/site-packages/turtle_pkg
[0.593s] copying /home/mahmoud-elzankalony/ros2_ws2/build/turtle_pkg/build/lib/turtle_pkg/__init__.py -> /home/mahmoud-elzankalony/ros2_ws2/install/turtle_pkg/lib/python3.12/site-packages/turtle_pkg
[0.593s] copying /home/mahmoud-elzankalony/ros2_ws2/build/turtle_pkg/build/lib/turtle_pkg/turtle_chase.py -> /home/mahmoud-elzankalony/ros2_ws2/install/turtle_pkg/lib/python3.12/site-packages/turtle_pkg
[0.593s] byte-compiling /home/mahmoud-elzankalony/ros2_ws2/install/turtle_pkg/lib/python3.12/site-packages/turtle_pkg/__init__.py to __init__.cpython-312.pyc
[0.593s] byte-compiling /home/mahmoud-elzankalony/ros2_ws2/install/turtle_pkg/lib/python3.12/site-packages/turtle_pkg/turtle_chase.py to turtle_chase.cpython-312.pyc
[0.594s] running install_data
[0.594s] creating /home/mahmoud-elzankalony/ros2_ws2/install/turtle_pkg/share/ament_index
[0.594s] creating /home/mahmoud-elzankalony/ros2_ws2/install/turtle_pkg/share/ament_index/resource_index
[0.594s] creating /home/mahmoud-elzankalony/ros2_ws2/install/turtle_pkg/share/ament_index/resource_index/packages
[0.594s] copying resource/turtle_pkg -> /home/mahmoud-elzankalony/ros2_ws2/install/turtle_pkg/share/ament_index/resource_index/packages
[0.594s] copying package.xml -> /home/mahmoud-elzankalony/ros2_ws2/install/turtle_pkg/share/turtle_pkg
[0.594s] running install_egg_info
[0.605s] Copying ../../build/turtle_pkg/turtle_pkg.egg-info to /home/mahmoud-elzankalony/ros2_ws2/install/turtle_pkg/lib/python3.12/site-packages/turtle_pkg-0.0.0-py3.12.egg-info
[0.605s] running install_scripts
[0.676s] Installing listener script to /home/mahmoud-elzankalony/ros2_ws2/install/turtle_pkg/lib/turtle_pkg
[0.676s] writing list of installed files to '/home/mahmoud-elzankalony/ros2_ws2/build/turtle_pkg/install.log'
[0.692s] Invoked command in '/home/mahmoud-elzankalony/ros2_ws2/src/turtle_pkg' returned '0': DEBUGINFOD_URLS=https://debuginfod.ubuntu.com PYTHONPATH=/home/mahmoud-elzankalony/ros2_ws2/build/turtle_pkg/prefix_override:/usr/lib/python3/dist-packages/colcon_core/task/python/colcon_distutils_commands:/home/mahmoud-elzankalony/ros2_ws2/install/turtle_pkg/lib/python3.12/site-packages:${PYTHONPATH} /usr/bin/python3 -W ignore:setup.py install is deprecated -W ignore:easy_install command is deprecated setup.py egg_info --egg-base ../../build/turtle_pkg build --build-base /home/mahmoud-elzankalony/ros2_ws2/build/turtle_pkg/build install --record /home/mahmoud-elzankalony/ros2_ws2/build/turtle_pkg/install.log --single-version-externally-managed install_data
