[0.408s] Invoking command in '/home/mahmoud-elzankalony/ros2_ws2/src/turtle_pkg': DEBUGINFOD_URLS=https://debuginfod.ubuntu.com PYTHONPATH=/home/mahmoud-elzankalony/ros2_ws2/build/turtle_pkg/prefix_override:/usr/lib/python3/dist-packages/colcon_core/task/python/colcon_distutils_commands:/home/mahmoud-elzankalony/ros2_ws2/install/turtle_pkg/lib/python3.12/site-packages:${PYTHONPATH} /usr/bin/python3 -W ignore:setup.py install is deprecated -W ignore:easy_install command is deprecated setup.py egg_info --egg-base ../../build/turtle_pkg build --build-base /home/mahmoud-elzankalony/ros2_ws2/build/turtle_pkg/build install --record /home/mahmoud-elzankalony/ros2_ws2/build/turtle_pkg/install.log --single-version-externally-managed install_data
[0.565s] running egg_info
[0.574s] writing ../../build/turtle_pkg/turtle_pkg.egg-info/PKG-INFO
[0.575s] writing dependency_links to ../../build/turtle_pkg/turtle_pkg.egg-info/dependency_links.txt
[0.575s] writing entry points to ../../build/turtle_pkg/turtle_pkg.egg-info/entry_points.txt
[0.575s] writing requirements to ../../build/turtle_pkg/turtle_pkg.egg-info/requires.txt
[0.575s] writing top-level names to ../../build/turtle_pkg/turtle_pkg.egg-info/top_level.txt
[0.595s] reading manifest file '../../build/turtle_pkg/turtle_pkg.egg-info/SOURCES.txt'
[0.595s] writing manifest file '../../build/turtle_pkg/turtle_pkg.egg-info/SOURCES.txt'
[0.596s] running build
[0.596s] running build_py
[0.596s] running install
[0.600s] running install_lib
[0.610s] running install_data
[0.610s] running install_egg_info
[0.621s] removing '/home/mahmoud-elzankalony/ros2_ws2/install/turtle_pkg/lib/python3.12/site-packages/turtle_pkg-0.0.0-py3.12.egg-info' (and everything under it)
[0.621s] Copying ../../build/turtle_pkg/turtle_pkg.egg-info to /home/mahmoud-elzankalony/ros2_ws2/install/turtle_pkg/lib/python3.12/site-packages/turtle_pkg-0.0.0-py3.12.egg-info
[0.621s] running install_scripts
[0.691s] Installing listener script to /home/mahmoud-elzankalony/ros2_ws2/install/turtle_pkg/lib/turtle_pkg
[0.691s] writing list of installed files to '/home/mahmoud-elzankalony/ros2_ws2/build/turtle_pkg/install.log'
[0.708s] Invoked command in '/home/mahmoud-elzankalony/ros2_ws2/src/turtle_pkg' returned '0': DEBUGINFOD_URLS=https://debuginfod.ubuntu.com PYTHONPATH=/home/mahmoud-elzankalony/ros2_ws2/build/turtle_pkg/prefix_override:/usr/lib/python3/dist-packages/colcon_core/task/python/colcon_distutils_commands:/home/mahmoud-elzankalony/ros2_ws2/install/turtle_pkg/lib/python3.12/site-packages:${PYTHONPATH} /usr/bin/python3 -W ignore:setup.py install is deprecated -W ignore:easy_install command is deprecated setup.py egg_info --egg-base ../../build/turtle_pkg build --build-base /home/mahmoud-elzankalony/ros2_ws2/build/turtle_pkg/build install --record /home/mahmoud-elzankalony/ros2_ws2/build/turtle_pkg/install.log --single-version-externally-managed install_data
